<?xml version="1.0" encoding="UTF-8"?>
<!-- Generated by org.testng.reporters.JUnitReportReporter -->
<testsuite hostname="TYSS" name="test.LogInPageTest" tests="1" failures="0" timestamp="10 Dec 2015 10:30:08 GMT" time="0.215" errors="0">
  <testcase name="TestAutoLogIn" time="0.215" classname="test.LogInPageTest"/>
</testsuite> <!-- test.LogInPageTest -->
