<?xml version="1.0" encoding="UTF-8"?>
<!-- Generated by org.testng.reporters.JUnitReportReporter -->
<testsuite hostname="TYSS" name="test.TestLogInPage" tests="1" failures="0" timestamp="9 Dec 2015 09:08:34 GMT" time="0.239" errors="0">
  <testcase name="TestAutoLogIn" time="0.239" classname="test.TestLogInPage"/>
</testsuite> <!-- test.TestLogInPage -->
