<?xml version="1.0" encoding="UTF-8"?>
<!-- Generated by org.testng.reporters.JUnitReportReporter -->
<testsuite hostname="TYSS" name="test.TestLogInPage" tests="1" failures="0" timestamp="10 Dec 2015 09:57:39 GMT" time="0.210" errors="0">
  <testcase name="TestAutoLogIn" time="0.210" classname="test.TestLogInPage"/>
</testsuite> <!-- test.TestLogInPage -->
